<?xml version="1.0" encoding="UTF-8"?>
<!-- Generated by org.testng.reporters.JUnitReportReporter -->
<testsuite hostname="LAPTOP-JH3FFENI" failures="0" tests="3" name="com.testng.DefaultExecutionOrderINTestng" time="0.023" errors="0" timestamp="2024-11-18T10:51:45 IST" skipped="0">
  <testcase classname="com.testng.DefaultExecutionOrderINTestng" name="login" time="0.018"/>
  <system-out/>
  <testcase classname="com.testng.DefaultExecutionOrderINTestng" name="logout" time="0.002"/>
  <system-out/>
  <testcase classname="com.testng.DefaultExecutionOrderINTestng" name="updatePrfoile" time="0.003"/>
  <system-out/>
</testsuite> <!-- com.testng.DefaultExecutionOrderINTestng -->
