<?xml version="1.0" encoding="UTF-8"?>
<!-- Generated by org.testng.reporters.JUnitReportReporter -->
<testsuite hostname="LAPTOP-JH3FFENI" failures="0" tests="1" name="com.testng.TestngTest" time="0.029" errors="0" timestamp="2024-11-17T18:54:11 IST" skipped="0">
  <testcase classname="com.testng.TestngTest" name="test" time="0.029"/>
  <system-out/>
</testsuite> <!-- com.testng.TestngTest -->
