<?xml version="1.0" encoding="UTF-8"?>
<!-- Generated by org.testng.reporters.JUnitReportReporter -->
<testsuite hostname="LAPTOP-JH3FFENI" failures="0" tests="1" name="com.testng.ParameteriseTestInTestNG" time="0.019" errors="0" timestamp="2024-11-18T10:42:42 IST" skipped="0">
  <testcase classname="com.testng.ParameteriseTestInTestNG" name="login" time="0.019"/>
  <system-out/>
</testsuite> <!-- com.testng.ParameteriseTestInTestNG -->
