<?xml version="1.0" encoding="UTF-8"?>
<!-- Generated by org.testng.reporters.JUnitReportReporter -->
<testsuite hostname="LAPTOP-JH3FFENI" failures="0" tests="3" name="com.testng.DisableTestInTestNg" time="0.020" errors="0" timestamp="2024-11-18T10:56:55 IST" skipped="1">
  <testcase classname="com.testng.DisableTestInTestNg" name="test1" time="0.018"/>
  <system-out/>
  <testcase classname="com.testng.DisableTestInTestNg" name="test2" time="0.002"/>
  <system-out/>
  <testcase classname="com.testng.DisableTestInTestNg" name="test3">
    <skipped/>
  </testcase> <!-- test3 -->
  <system-out/>
</testsuite> <!-- com.testng.DisableTestInTestNg -->
