<?xml version="1.0" encoding="UTF-8"?>
<!-- Generated by org.testng.reporters.JUnitReportReporter -->
<testsuite hostname="LAPTOP-JH3FFENI" failures="0" tests="1" name="com.testng.TC_02" time="0.012" errors="0" timestamp="2024-11-18T12:46:30 IST" skipped="0">
  <testcase classname="com.testng.TC_02" name="tc02" time="0.012"/>
  <system-out/>
</testsuite> <!-- com.testng.TC_02 -->
