<?xml version="1.0" encoding="UTF-8"?>
<!-- Generated by org.testng.reporters.JUnitReportReporter -->
<testsuite hostname="LAPTOP-JH3FFENI" failures="0" tests="3" name="com.testng.FB_Login" time="0.647" errors="0" timestamp="2024-11-18T10:46:52 IST" skipped="0">
  <testcase classname="com.testng.FB_Login" name="verifyFBTitle" time="0.041"/>
  <system-out/>
  <testcase classname="com.testng.FB_Login" name="isFacebookLogoDisplayed" time="0.438"/>
  <system-out/>
  <testcase classname="com.testng.FB_Login" name="validateFBVisibleTxt" time="0.168"/>
  <system-out/>
</testsuite> <!-- com.testng.FB_Login -->
