<?xml version="1.0" encoding="UTF-8"?>
<!-- Generated by org.testng.reporters.JUnitReportReporter -->
<testsuite hostname="LAPTOP-JH3FFENI" failures="0" tests="5" name="com.testng.Prioritisetestcases" time="0.066" errors="0" timestamp="2024-11-18T10:34:49 IST" skipped="0">
  <testcase classname="com.testng.Prioritisetestcases" name="login" time="0.050"/>
  <system-out/>
  <testcase classname="com.testng.Prioritisetestcases" name="updatePrfoile" time="0.004"/>
  <system-out/>
  <testcase classname="com.testng.Prioritisetestcases" name="createPorfile" time="0.003"/>
  <system-out/>
  <testcase classname="com.testng.Prioritisetestcases" name="deleteProfile" time="0.002"/>
  <system-out/>
  <testcase classname="com.testng.Prioritisetestcases" name="logout" time="0.007"/>
  <system-out/>
</testsuite> <!-- com.testng.Prioritisetestcases -->
