<?xml version="1.0" encoding="UTF-8"?>
<!-- Generated by org.testng.reporters.JUnitReportReporter -->
<testsuite hostname="LAPTOP-JH3FFENI" failures="0" tests="1" name="com.testng.TC_01" time="0.014" errors="0" timestamp="2024-11-18T11:00:01 IST" skipped="0">
  <testcase classname="com.testng.TC_01" name="tc01" time="0.014"/>
  <system-out/>
</testsuite> <!-- com.testng.TC_01 -->
