<?xml version="1.0" encoding="UTF-8"?>
<!-- Generated by org.testng.reporters.JUnitReportReporter -->
<testsuite hostname="LAPTOP-JH3FFENI" failures="0" tests="5" name="com.testng.DependentTestInTestng" time="0.030" errors="0" timestamp="2024-11-18T10:54:51 IST" skipped="0">
  <testcase classname="com.testng.DependentTestInTestng" name="deleteProfile" time="0.004"/>
  <system-out/>
  <testcase classname="com.testng.DependentTestInTestng" name="createPorfile" time="0.003"/>
  <system-out/>
  <testcase classname="com.testng.DependentTestInTestng" name="logout" time="0.003"/>
  <system-out/>
  <testcase classname="com.testng.DependentTestInTestng" name="login" time="0.017"/>
  <system-out/>
  <testcase classname="com.testng.DependentTestInTestng" name="updatePrfoile" time="0.003"/>
  <system-out/>
</testsuite> <!-- com.testng.DependentTestInTestng -->
